<?xml version="1.0" encoding="UTF-8"?>
<!-- Generated by org.testng.reporters.JUnitReportReporter -->
<testsuite hostname="DESKTOP-9LQCJLJ" name="com.selenium.tests.LoginTests" tests="1" failures="0" timestamp="10 Dec 2019 13:23:47 GMT" time="19.212" errors="0">
  <testcase name="login_001" time="19.212" classname="com.selenium.tests.LoginTests"/>
</testsuite> <!-- com.selenium.tests.LoginTests -->
